{"C:\\Users\\vicen\\Documents\\JavaScript Course\\Data Privacy App AWS Native\\Data-Privacy-App\\frontend\\components\\Layout.tsx": {"path":"C:\\Users\\vicen\\Documents\\JavaScript Course\\Data Privacy App AWS Native\\Data-Privacy-App\\frontend\\components\\Layout.tsx","statementMap":{"0":{"start":{"line":10,"column":38},"end":{"line":41,"column":1}},"1":{"start":{"line":14,"column":2},"end":{"line":40,"column":4}}},"fnMap":{"0":{"name":"(anonymous_0)","decl":{"start":{"line":10,"column":38},"end":{"line":10,"column":39}},"loc":{"start":{"line":13,"column":6},"end":{"line":41,"column":1}},"line":13}},"branchMap":{"0":{"loc":{"start":{"line":12,"column":2},"end":{"line":12,"column":28}},"type":"default-arg","locations":[{"start":{"line":12,"column":10},"end":{"line":12,"column":28}}],"line":12}},"s":{"0":1,"1":2},"f":{"0":2},"b":{"0":[1]},"_coverageSchema":"1a1c01bbd47fc00a2c39e90264f33305004495a9","hash":"c9a06f3c5b9b6f1499825f4eb72fde95310c2140"}
,"C:\\Users\\vicen\\Documents\\JavaScript Course\\Data Privacy App AWS Native\\Data-Privacy-App\\frontend\\components\\NavLink.tsx": {"path":"C:\\Users\\vicen\\Documents\\JavaScript Course\\Data Privacy App AWS Native\\Data-Privacy-App\\frontend\\components\\NavLink.tsx","statementMap":{"0":{"start":{"line":12,"column":40},"end":{"line":43,"column":1}},"1":{"start":{"line":18,"column":17},"end":{"line":18,"column":28}},"2":{"start":{"line":19,"column":19},"end":{"line":19,"column":43}},"3":{"start":{"line":22,"column":25},"end":{"line":26,"column":17}},"4":{"start":{"line":29,"column":24},"end":{"line":33,"column":17}},"5":{"start":{"line":35,"column":2},"end":{"line":42,"column":4}}},"fnMap":{"0":{"name":"(anonymous_0)","decl":{"start":{"line":12,"column":40},"end":{"line":12,"column":41}},"loc":{"start":{"line":17,"column":6},"end":{"line":43,"column":1}},"line":17}},"branchMap":{"0":{"loc":{"start":{"line":15,"column":2},"end":{"line":15,"column":16}},"type":"default-arg","locations":[{"start":{"line":15,"column":14},"end":{"line":15,"column":16}}],"line":15},"1":{"loc":{"start":{"line":16,"column":2},"end":{"line":16,"column":20}},"type":"default-arg","locations":[{"start":{"line":16,"column":15},"end":{"line":16,"column":20}}],"line":16},"2":{"loc":{"start":{"line":23,"column":4},"end":{"line":25,"column":78}},"type":"cond-expr","locations":[{"start":{"line":24,"column":8},"end":{"line":24,"column":36}},{"start":{"line":25,"column":8},"end":{"line":25,"column":78}}],"line":23},"3":{"loc":{"start":{"line":30,"column":4},"end":{"line":32,"column":72}},"type":"cond-expr","locations":[{"start":{"line":31,"column":8},"end":{"line":31,"column":36}},{"start":{"line":32,"column":8},"end":{"line":32,"column":72}}],"line":30},"4":{"loc":{"start":{"line":38,"column":17},"end":{"line":38,"column":60}},"type":"cond-expr","locations":[{"start":{"line":38,"column":30},"end":{"line":38,"column":43}},{"start":{"line":38,"column":46},"end":{"line":38,"column":60}}],"line":38}},"s":{"0":1,"1":5,"2":5,"3":5,"4":5,"5":5},"f":{"0":5},"b":{"0":[4],"1":[4],"2":[1,4],"3":[1,4],"4":[1,4]},"_coverageSchema":"1a1c01bbd47fc00a2c39e90264f33305004495a9","hash":"dd7b4a5f4f48c8efbf559900b6ed253e101f1ec7"}
,"C:\\Users\\vicen\\Documents\\JavaScript Course\\Data Privacy App AWS Native\\Data-Privacy-App\\frontend\\components\\Navigation.tsx": {"path":"C:\\Users\\vicen\\Documents\\JavaScript Course\\Data Privacy App AWS Native\\Data-Privacy-App\\frontend\\components\\Navigation.tsx","statementMap":{"0":{"start":{"line":4,"column":19},"end":{"line":42,"column":1}},"1":{"start":{"line":5,"column":17},"end":{"line":5,"column":28}},"2":{"start":{"line":7,"column":19},"end":{"line":12,"column":3}},"3":{"start":{"line":14,"column":2},"end":{"line":41,"column":4}},"4":{"start":{"line":25,"column":14},"end":{"line":35,"column":21}}},"fnMap":{"0":{"name":"(anonymous_0)","decl":{"start":{"line":4,"column":19},"end":{"line":4,"column":20}},"loc":{"start":{"line":4,"column":25},"end":{"line":42,"column":1}},"line":4},"1":{"name":"(anonymous_1)","decl":{"start":{"line":24,"column":26},"end":{"line":24,"column":27}},"loc":{"start":{"line":25,"column":14},"end":{"line":35,"column":21}},"line":25}},"branchMap":{"0":{"loc":{"start":{"line":29,"column":18},"end":{"line":31,"column":81}},"type":"cond-expr","locations":[{"start":{"line":30,"column":22},"end":{"line":30,"column":103}},{"start":{"line":31,"column":22},"end":{"line":31,"column":81}}],"line":29}},"s":{"0":1,"1":3,"2":3,"3":3,"4":12},"f":{"0":3,"1":12},"b":{"0":[0,12]},"_coverageSchema":"1a1c01bbd47fc00a2c39e90264f33305004495a9","hash":"9d14b0e7dfd5ab243f329a973aebaa5eb3878de5"}
}
