TN:
SF:components\Layout.tsx
FN:10,(anonymous_0)
FNF:1
FNH:1
FNDA:2,(anonymous_0)
DA:10,1
DA:14,2
LF:2
LH:2
BRDA:12,0,0,1
BRF:1
BRH:1
end_of_record
TN:
SF:components\NavLink.tsx
FN:12,(anonymous_0)
FNF:1
FNH:1
FNDA:5,(anonymous_0)
DA:12,1
DA:18,5
DA:19,5
DA:22,5
DA:29,5
DA:35,5
LF:6
LH:6
BRDA:15,0,0,4
BRDA:16,1,0,4
BRDA:23,2,0,1
BRDA:23,2,1,4
BRDA:30,3,0,1
BRDA:30,3,1,4
BRDA:38,4,0,1
BRDA:38,4,1,4
BRF:8
BRH:8
end_of_record
TN:
SF:components\Navigation.tsx
FN:4,(anonymous_0)
FN:24,(anonymous_1)
FNF:2
FNH:2
FNDA:3,(anonymous_0)
FNDA:12,(anonymous_1)
DA:4,1
DA:5,3
DA:7,3
DA:14,3
DA:25,12
LF:5
LH:5
BRDA:29,0,0,0
BRDA:29,0,1,12
BRF:2
BRH:1
end_of_record
